#
# There is insufficient memory for the Java Runtime Environment to continue.
# Native memory allocation (mmap) failed to map 18611699712 bytes for committing reserved memory.
# Possible reasons:
#   The system is out of physical RAM or swap space
#   In 32 bit mode, the process size limit was hit
# Possible solutions:
#   Reduce memory load on the system
#   Increase physical memory or swap space
#   Check if swap backing store is full
#   Use 64 bit Java on a 64 bit OS
#   Decrease Java heap size (-Xmx/-Xms)
#   Decrease number of Java threads
#   Decrease Java thread stack sizes (-Xss)
#   Set larger code cache with -XX:ReservedCodeCacheSize=
# This output file may be truncated or incomplete.
#
#  Out of Memory Error (os_linux.cpp:2627), pid=14066, tid=140587753326336
#
# JRE version:  (8.0_91-b14) (build )
# Java VM: Java HotSpot(TM) 64-Bit Server VM (25.91-b14 mixed mode linux-amd64 compressed oops)
# Failed to write core dump. Core dumps have been disabled. To enable core dumping, try "ulimit -c unlimited" before starting Java again
#

---------------  T H R E A D  ---------------

Current thread (0x00007fdd1c009800):  JavaThread "Unknown thread" [_thread_in_vm, id=14071, stack(0x00007fdd2308c000,0x00007fdd2318d000)]

Stack: [0x00007fdd2308c000,0x00007fdd2318d000],  sp=0x00007fdd2318b3b0,  free space=1020k
Native frames: (J=compiled Java code, j=interpreted, Vv=VM code, C=native code)
V  [libjvm.so+0xabc18a]  VMError::report_and_die()+0x2ba
V  [libjvm.so+0x4fafeb]  report_vm_out_of_memory(char const*, int, unsigned long, VMErrorType, char const*)+0x8b
V  [libjvm.so+0x91cbb3]  os::Linux::commit_memory_impl(char*, unsigned long, bool)+0x103
V  [libjvm.so+0x91d109]  os::pd_commit_memory(char*, unsigned long, unsigned long, bool)+0x29
V  [libjvm.so+0x91740a]  os::commit_memory(char*, unsigned long, unsigned long, bool)+0x2a
V  [libjvm.so+0x98b033]  PSVirtualSpace::expand_by(unsigned long)+0x53
V  [libjvm.so+0x97b177]  PSOldGen::initialize(ReservedSpace, unsigned long, char const*, int)+0xb7
V  [libjvm.so+0x2d827a]  AdjoiningGenerations::AdjoiningGenerations(ReservedSpace, GenerationSizer*, unsigned long)+0x39a
V  [libjvm.so+0x93ff76]  ParallelScavengeHeap::initialize()+0x1d6
V  [libjvm.so+0xa849bb]  Universe::initialize_heap()+0xfb
V  [libjvm.so+0xa84d2e]  universe_init()+0x3e
V  [libjvm.so+0x63a575]  init_globals()+0x65
V  [libjvm.so+0xa68f3e]  Threads::create_vm(JavaVMInitArgs*, bool*)+0x23e
V  [libjvm.so+0x6cede4]  JNI_CreateJavaVM+0x74
C  [libjli.so+0x745e]  JavaMain+0x9e
C  [libpthread.so.0+0x76ba]  start_thread+0xca


---------------  P R O C E S S  ---------------

Java Threads: ( => current thread )

Other Threads:

=>0x00007fdd1c009800 (exited) JavaThread "Unknown thread" [_thread_in_vm, id=14071, stack(0x00007fdd2308c000,0x00007fdd2318d000)]

VM state:not at safepoint (not fully initialized)

VM Mutex/Monitor currently owned by a thread: None

GC Heap History (0 events):
No events

Deoptimization events (0 events):
No events

Internal exceptions (0 events):
No events

Events (0 events):
No events


Dynamic libraries:
00400000-00401000 r-xp 00000000 00:2e 2491285                            /home/domini/jdk1.8.0_91/bin/java
00600000-00601000 rw-p 00000000 00:2e 2491285                            /home/domini/jdk1.8.0_91/bin/java
01d07000-01d28000 rw-p 00000000 00:00 0                                  [heap]
595580000-7c0000000 rw-p 00000000 00:00 0 
7fdd096a9000-7fdd0983f000 rw-p 00000000 00:00 0 
7fdd0983f000-7fdd0bae9000 ---p 00000000 00:00 0 
7fdd0bae9000-7fdd0cc4a000 rw-p 00000000 00:00 0 
7fdd0cc4a000-7fdd0d000000 ---p 00000000 00:00 0 
7fdd0d000000-7fdd0d270000 rwxp 00000000 00:00 0 
7fdd0d270000-7fdd1c000000 ---p 00000000 00:00 0 
7fdd1c000000-7fdd1c034000 rw-p 00000000 00:00 0 
7fdd1c034000-7fdd20000000 ---p 00000000 00:00 0 
7fdd2011b000-7fdd2020a000 rw-p 00000000 00:00 0 
7fdd2020a000-7fdd20224000 r-xp 00000000 00:2e 2491120                    /home/domini/jdk1.8.0_91/jre/lib/amd64/libzip.so
7fdd20224000-7fdd20424000 ---p 0001a000 00:2e 2491120                    /home/domini/jdk1.8.0_91/jre/lib/amd64/libzip.so
7fdd20424000-7fdd20425000 rw-p 0001a000 00:2e 2491120                    /home/domini/jdk1.8.0_91/jre/lib/amd64/libzip.so
7fdd20425000-7fdd20430000 r-xp 00000000 08:13 12720828                   /lib/x86_64-linux-gnu/libnss_files-2.23.so
7fdd20430000-7fdd2062f000 ---p 0000b000 08:13 12720828                   /lib/x86_64-linux-gnu/libnss_files-2.23.so
7fdd2062f000-7fdd20630000 r--p 0000a000 08:13 12720828                   /lib/x86_64-linux-gnu/libnss_files-2.23.so
7fdd20630000-7fdd20631000 rw-p 0000b000 08:13 12720828                   /lib/x86_64-linux-gnu/libnss_files-2.23.so
7fdd20631000-7fdd20637000 rw-p 00000000 00:00 0 
7fdd20637000-7fdd20642000 r-xp 00000000 08:13 12720791                   /lib/x86_64-linux-gnu/libnss_nis-2.23.so
7fdd20642000-7fdd20841000 ---p 0000b000 08:13 12720791                   /lib/x86_64-linux-gnu/libnss_nis-2.23.so
7fdd20841000-7fdd20842000 r--p 0000a000 08:13 12720791                   /lib/x86_64-linux-gnu/libnss_nis-2.23.so
7fdd20842000-7fdd20843000 rw-p 0000b000 08:13 12720791                   /lib/x86_64-linux-gnu/libnss_nis-2.23.so
7fdd20843000-7fdd20859000 r-xp 00000000 08:13 12720820                   /lib/x86_64-linux-gnu/libnsl-2.23.so
7fdd20859000-7fdd20a58000 ---p 00016000 08:13 12720820                   /lib/x86_64-linux-gnu/libnsl-2.23.so
7fdd20a58000-7fdd20a59000 r--p 00015000 08:13 12720820                   /lib/x86_64-linux-gnu/libnsl-2.23.so
7fdd20a59000-7fdd20a5a000 rw-p 00016000 08:13 12720820                   /lib/x86_64-linux-gnu/libnsl-2.23.so
7fdd20a5a000-7fdd20a5c000 rw-p 00000000 00:00 0 
7fdd20a5c000-7fdd20a64000 r-xp 00000000 08:13 12720822                   /lib/x86_64-linux-gnu/libnss_compat-2.23.so
7fdd20a64000-7fdd20c63000 ---p 00008000 08:13 12720822                   /lib/x86_64-linux-gnu/libnss_compat-2.23.so
7fdd20c63000-7fdd20c64000 r--p 00007000 08:13 12720822                   /lib/x86_64-linux-gnu/libnss_compat-2.23.so
7fdd20c64000-7fdd20c65000 rw-p 00008000 08:13 12720822                   /lib/x86_64-linux-gnu/libnss_compat-2.23.so
7fdd20c65000-7fdd20c8f000 r-xp 00000000 00:2e 2491096                    /home/domini/jdk1.8.0_91/jre/lib/amd64/libjava.so
7fdd20c8f000-7fdd20e8f000 ---p 0002a000 00:2e 2491096                    /home/domini/jdk1.8.0_91/jre/lib/amd64/libjava.so
7fdd20e8f000-7fdd20e91000 rw-p 0002a000 00:2e 2491096                    /home/domini/jdk1.8.0_91/jre/lib/amd64/libjava.so
7fdd20e91000-7fdd20e9e000 r-xp 00000000 00:2e 2491065                    /home/domini/jdk1.8.0_91/jre/lib/amd64/libverify.so
7fdd20e9e000-7fdd2109e000 ---p 0000d000 00:2e 2491065                    /home/domini/jdk1.8.0_91/jre/lib/amd64/libverify.so
7fdd2109e000-7fdd210a0000 rw-p 0000d000 00:2e 2491065                    /home/domini/jdk1.8.0_91/jre/lib/amd64/libverify.so
7fdd210a0000-7fdd210a7000 r-xp 00000000 08:13 12720790                   /lib/x86_64-linux-gnu/librt-2.23.so
7fdd210a7000-7fdd212a6000 ---p 00007000 08:13 12720790                   /lib/x86_64-linux-gnu/librt-2.23.so
7fdd212a6000-7fdd212a7000 r--p 00006000 08:13 12720790                   /lib/x86_64-linux-gnu/librt-2.23.so
7fdd212a7000-7fdd212a8000 rw-p 00007000 08:13 12720790                   /lib/x86_64-linux-gnu/librt-2.23.so
7fdd212a8000-7fdd213b0000 r-xp 00000000 08:13 12720816                   /lib/x86_64-linux-gnu/libm-2.23.so
7fdd213b0000-7fdd215af000 ---p 00108000 08:13 12720816                   /lib/x86_64-linux-gnu/libm-2.23.so
7fdd215af000-7fdd215b0000 r--p 00107000 08:13 12720816                   /lib/x86_64-linux-gnu/libm-2.23.so
7fdd215b0000-7fdd215b1000 rw-p 00108000 08:13 12720816                   /lib/x86_64-linux-gnu/libm-2.23.so
7fdd215b1000-7fdd22271000 r-xp 00000000 00:2e 2490992                    /home/domini/jdk1.8.0_91/jre/lib/amd64/server/libjvm.so
7fdd22271000-7fdd22471000 ---p 00cc0000 00:2e 2490992                    /home/domini/jdk1.8.0_91/jre/lib/amd64/server/libjvm.so
7fdd22471000-7fdd22549000 rw-p 00cc0000 00:2e 2490992                    /home/domini/jdk1.8.0_91/jre/lib/amd64/server/libjvm.so
7fdd22549000-7fdd22594000 rw-p 00000000 00:00 0 
7fdd22594000-7fdd22753000 r-xp 00000000 08:13 12720806                   /lib/x86_64-linux-gnu/libc-2.23.so
7fdd22753000-7fdd22953000 ---p 001bf000 08:13 12720806                   /lib/x86_64-linux-gnu/libc-2.23.so
7fdd22953000-7fdd22957000 r--p 001bf000 08:13 12720806                   /lib/x86_64-linux-gnu/libc-2.23.so
7fdd22957000-7fdd22959000 rw-p 001c3000 08:13 12720806                   /lib/x86_64-linux-gnu/libc-2.23.so
7fdd22959000-7fdd2295d000 rw-p 00000000 00:00 0 
7fdd2295d000-7fdd22960000 r-xp 00000000 08:13 12720804                   /lib/x86_64-linux-gnu/libdl-2.23.so
7fdd22960000-7fdd22b5f000 ---p 00003000 08:13 12720804                   /lib/x86_64-linux-gnu/libdl-2.23.so
7fdd22b5f000-7fdd22b60000 r--p 00002000 08:13 12720804                   /lib/x86_64-linux-gnu/libdl-2.23.so
7fdd22b60000-7fdd22b61000 rw-p 00003000 08:13 12720804                   /lib/x86_64-linux-gnu/libdl-2.23.so
7fdd22b61000-7fdd22b76000 r-xp 00000000 00:2e 2491128                    /home/domini/jdk1.8.0_91/lib/amd64/jli/libjli.so
7fdd22b76000-7fdd22d76000 ---p 00015000 00:2e 2491128                    /home/domini/jdk1.8.0_91/lib/amd64/jli/libjli.so
7fdd22d76000-7fdd22d77000 rw-p 00015000 00:2e 2491128                    /home/domini/jdk1.8.0_91/lib/amd64/jli/libjli.so
7fdd22d77000-7fdd22d8f000 r-xp 00000000 08:13 12720818                   /lib/x86_64-linux-gnu/libpthread-2.23.so
7fdd22d8f000-7fdd22f8e000 ---p 00018000 08:13 12720818                   /lib/x86_64-linux-gnu/libpthread-2.23.so
7fdd22f8e000-7fdd22f8f000 r--p 00017000 08:13 12720818                   /lib/x86_64-linux-gnu/libpthread-2.23.so
7fdd22f8f000-7fdd22f90000 rw-p 00018000 08:13 12720818                   /lib/x86_64-linux-gnu/libpthread-2.23.so
7fdd22f90000-7fdd22f94000 rw-p 00000000 00:00 0 
7fdd22f94000-7fdd22fba000 r-xp 00000000 08:13 12718085                   /lib/x86_64-linux-gnu/ld-2.23.so
7fdd2308c000-7fdd2308f000 ---p 00000000 00:00 0 
7fdd2308f000-7fdd23191000 rw-p 00000000 00:00 0 
7fdd231ad000-7fdd231b5000 rw-s 00000000 08:13 10362959                   /tmp/hsperfdata_domini/14066
7fdd231b5000-7fdd231b6000 rw-p 00000000 00:00 0 
7fdd231b6000-7fdd231b7000 r--p 00000000 00:00 0 
7fdd231b7000-7fdd231b9000 rw-p 00000000 00:00 0 
7fdd231b9000-7fdd231ba000 r--p 00025000 08:13 12718085                   /lib/x86_64-linux-gnu/ld-2.23.so
7fdd231ba000-7fdd231bb000 rw-p 00026000 08:13 12718085                   /lib/x86_64-linux-gnu/ld-2.23.so
7fdd231bb000-7fdd231bc000 rw-p 00000000 00:00 0 
7ffd8caec000-7ffd8cb0d000 rw-p 00000000 00:00 0                          [stack]
7ffd8cb58000-7ffd8cb5a000 r--p 00000000 00:00 0                          [vvar]
7ffd8cb5a000-7ffd8cb5c000 r-xp 00000000 00:00 0                          [vdso]
ffffffffff600000-ffffffffff601000 r-xp 00000000 00:00 0                  [vsyscall]

VM Arguments:
jvm_args: -Dfile.encoding=UTF-8 -Xms26g 
java_command: midireader.XmkMain V1 Input\chor-144.notes
java_class_path (initial): /home/domini/Documents/Kirlin/git/Midireader/midiReader/build/classes
Launcher Type: SUN_STANDARD

Environment Variables:
PATH=/usr/local/sbin:/usr/local/bin:/usr/sbin:/usr/bin:/sbin:/bin:/usr/games:/usr/local/games:/snap/bin
LD_LIBRARY_PATH=/home/domini/jdk1.8.0_91/jre/lib/amd64:/home/domini/jdk1.8.0_91/jre/lib/i386:
SHELL=/bin/bash
DISPLAY=:0

Signal Handlers:
SIGSEGV: [libjvm.so+0xabca10], sa_mask[0]=11111111011111111101111111111110, sa_flags=SA_RESTART|SA_SIGINFO
SIGBUS: [libjvm.so+0xabca10], sa_mask[0]=11111111011111111101111111111110, sa_flags=SA_RESTART|SA_SIGINFO
SIGFPE: [libjvm.so+0x919a20], sa_mask[0]=11111111011111111101111111111110, sa_flags=SA_RESTART|SA_SIGINFO
SIGPIPE: [libjvm.so+0x919a20], sa_mask[0]=11111111011111111101111111111110, sa_flags=SA_RESTART|SA_SIGINFO
SIGXFSZ: [libjvm.so+0x919a20], sa_mask[0]=11111111011111111101111111111110, sa_flags=SA_RESTART|SA_SIGINFO
SIGILL: [libjvm.so+0x919a20], sa_mask[0]=11111111011111111101111111111110, sa_flags=SA_RESTART|SA_SIGINFO
SIGUSR1: SIG_DFL, sa_mask[0]=00000000000000000000000000000000, sa_flags=none
SIGUSR2: [libjvm.so+0x91b050], sa_mask[0]=00100000000000000000000000000000, sa_flags=SA_RESTART|SA_SIGINFO
SIGHUP: SIG_DFL, sa_mask[0]=00000000000000000000000000000000, sa_flags=none
SIGINT: SIG_IGN, sa_mask[0]=00000000000000000000000000000000, sa_flags=none
SIGTERM: SIG_DFL, sa_mask[0]=00000000000000000000000000000000, sa_flags=none
SIGQUIT: SIG_DFL, sa_mask[0]=00000000000000000000000000000000, sa_flags=none


---------------  S Y S T E M  ---------------

OS:DISTRIB_ID=Ubuntu
DISTRIB_RELEASE=16.04
DISTRIB_CODENAME=xenial
DISTRIB_DESCRIPTION="Ubuntu 16.04.2 LTS"

uname:Linux 4.4.0-64-generic #85-Ubuntu SMP Mon Feb 20 11:50:30 UTC 2017 x86_64
libc:glibc 2.23 NPTL 2.23 
rlimit: STACK 8192k, CORE 0k, NPROC 128057, NOFILE 65536, AS infinity
load average:2.02 1.75 1.60

/proc/meminfo:
MemTotal:       32864804 kB
MemFree:         3147412 kB
MemAvailable:    9043812 kB
Buffers:          411628 kB
Cached:          6247968 kB
SwapCached:            0 kB
Active:         25512388 kB
Inactive:        3403932 kB
Active(anon):   22262200 kB
Inactive(anon):   735100 kB
Active(file):    3250188 kB
Inactive(file):  2668832 kB
Unevictable:         716 kB
Mlocked:             716 kB
SwapTotal:             0 kB
SwapFree:              0 kB
Dirty:               260 kB
Writeback:             0 kB
AnonPages:      22263892 kB
Mapped:           816620 kB
Shmem:            740144 kB
Slab:             547056 kB
SReclaimable:     379236 kB
SUnreclaim:       167820 kB
KernelStack:       13664 kB
PageTables:        99640 kB
NFS_Unstable:          0 kB
Bounce:                0 kB
WritebackTmp:          0 kB
CommitLimit:    16432400 kB
Committed_AS:   75961560 kB
VmallocTotal:   34359738367 kB
VmallocUsed:           0 kB
VmallocChunk:          0 kB
HardwareCorrupted:     0 kB
AnonHugePages:  20408320 kB
CmaTotal:              0 kB
CmaFree:               0 kB
HugePages_Total:       0
HugePages_Free:        0
HugePages_Rsvd:        0
HugePages_Surp:        0
Hugepagesize:       2048 kB
DirectMap4k:      327252 kB
DirectMap2M:    15319040 kB
DirectMap1G:    17825792 kB


CPU:total 8 (4 cores per cpu, 2 threads per core) family 6 model 60 stepping 3, cmov, cx8, fxsr, mmx, sse, sse2, sse3, ssse3, sse4.1, sse4.2, popcnt, avx, avx2, aes, clmul, erms, lzcnt, ht, tsc, tscinvbit, bmi1, bmi2

/proc/cpuinfo:
processor	: 0
vendor_id	: GenuineIntel
cpu family	: 6
model		: 60
model name	: Intel(R) Core(TM) i7-4700MQ CPU @ 2.40GHz
stepping	: 3
microcode	: 0x12
cpu MHz		: 3199.968
cache size	: 6144 KB
physical id	: 0
siblings	: 8
core id		: 0
cpu cores	: 4
apicid		: 0
initial apicid	: 0
fpu		: yes
fpu_exception	: yes
cpuid level	: 13
wp		: yes
flags		: fpu vme de pse tsc msr pae mce cx8 apic sep mtrr pge mca cmov pat pse36 clflush dts acpi mmx fxsr sse sse2 ss ht tm pbe syscall nx pdpe1gb rdtscp lm constant_tsc arch_perfmon pebs bts rep_good nopl xtopology nonstop_tsc aperfmperf eagerfpu pni pclmulqdq dtes64 monitor ds_cpl vmx est tm2 ssse3 sdbg fma cx16 xtpr pdcm pcid sse4_1 sse4_2 movbe popcnt tsc_deadline_timer aes xsave avx f16c rdrand lahf_lm abm epb tpr_shadow vnmi flexpriority ept vpid fsgsbase tsc_adjust bmi1 avx2 smep bmi2 erms invpcid xsaveopt dtherm ida arat pln pts
bugs		:
bogomips	: 4788.48
clflush size	: 64
cache_alignment	: 64
address sizes	: 39 bits physical, 48 bits virtual
power management:

processor	: 1
vendor_id	: GenuineIntel
cpu family	: 6
model		: 60
model name	: Intel(R) Core(TM) i7-4700MQ CPU @ 2.40GHz
stepping	: 3
microcode	: 0x12
cpu MHz		: 3199.968
cache size	: 6144 KB
physical id	: 0
siblings	: 8
core id		: 1
cpu cores	: 4
apicid		: 2
initial apicid	: 2
fpu		: yes
fpu_exception	: yes
cpuid level	: 13
wp		: yes
flags		: fpu vme de pse tsc msr pae mce cx8 apic sep mtrr pge mca cmov pat pse36 clflush dts acpi mmx fxsr sse sse2 ss ht tm pbe syscall nx pdpe1gb rdtscp lm constant_tsc arch_perfmon pebs bts rep_good nopl xtopology nonstop_tsc aperfmperf eagerfpu pni pclmulqdq dtes64 monitor ds_cpl vmx est tm2 ssse3 sdbg fma cx16 xtpr pdcm pcid sse4_1 sse4_2 movbe popcnt tsc_deadline_timer aes xsave avx f16c rdrand lahf_lm abm epb tpr_shadow vnmi flexpriority ept vpid fsgsbase tsc_adjust bmi1 avx2 smep bmi2 erms invpcid xsaveopt dtherm ida arat pln pts
bugs		:
bogomips	: 4788.48
clflush size	: 64
cache_alignment	: 64
address sizes	: 39 bits physical, 48 bits virtual
power management:

processor	: 2
vendor_id	: GenuineIntel
cpu family	: 6
model		: 60
model name	: Intel(R) Core(TM) i7-4700MQ CPU @ 2.40GHz
stepping	: 3
microcode	: 0x12
cpu MHz		: 3199.968
cache size	: 6144 KB
physical id	: 0
siblings	: 8
core id		: 2
cpu cores	: 4
apicid		: 4
initial apicid	: 4
fpu		: yes
fpu_exception	: yes
cpuid level	: 13
wp		: yes
flags		: fpu vme de pse tsc msr pae mce cx8 apic sep mtrr pge mca cmov pat pse36 clflush dts acpi mmx fxsr sse sse2 ss ht tm pbe syscall nx pdpe1gb rdtscp lm constant_tsc arch_perfmon pebs bts rep_good nopl xtopology nonstop_tsc aperfmperf eagerfpu pni pclmulqdq dtes64 monitor ds_cpl vmx est tm2 ssse3 sdbg fma cx16 xtpr pdcm pcid sse4_1 sse4_2 movbe popcnt tsc_deadline_timer aes xsave avx f16c rdrand lahf_lm abm epb tpr_shadow vnmi flexpriority ept vpid fsgsbase tsc_adjust bmi1 avx2 smep bmi2 erms invpcid xsaveopt dtherm ida arat pln pts
bugs		:
bogomips	: 4788.48
clflush size	: 64
cache_alignment	: 64
address sizes	: 39 bits physical, 48 bits virtual
power management:

processor	: 3
vendor_id	: GenuineIntel
cpu family	: 6
model		: 60
model name	: Intel(R) Core(TM) i7-4700MQ CPU @ 2.40GHz
stepping	: 3
microcode	: 0x12
cpu MHz		: 3199.875
cache size	: 6144 KB
physical id	: 0
siblings	: 8
core id		: 3
cpu cores	: 4
apicid		: 6
initial apicid	: 6
fpu		: yes
fpu_exception	: yes
cpuid level	: 13
wp		: yes
flags		: fpu vme de pse tsc msr pae mce cx8 apic sep mtrr pge mca cmov pat pse36 clflush dts acpi mmx fxsr sse sse2 ss ht tm pbe syscall nx pdpe1gb rdtscp lm constant_tsc arch_perfmon pebs bts rep_good nopl xtopology nonstop_tsc aperfmperf eagerfpu pni pclmulqdq dtes64 monitor ds_cpl vmx est tm2 ssse3 sdbg fma cx16 xtpr pdcm pcid sse4_1 sse4_2 movbe popcnt tsc_deadline_timer aes xsave avx f16c rdrand lahf_lm abm epb tpr_shadow vnmi flexpriority ept vpid fsgsbase tsc_adjust bmi1 avx2 smep bmi2 erms invpcid xsaveopt dtherm ida arat pln pts
bugs		:
bogomips	: 4788.48
clflush size	: 64
cache_alignment	: 64
address sizes	: 39 bits physical, 48 bits virtual
power management:

processor	: 4
vendor_id	: GenuineIntel
cpu family	: 6
model		: 60
model name	: Intel(R) Core(TM) i7-4700MQ CPU @ 2.40GHz
stepping	: 3
microcode	: 0x12
cpu MHz		: 3199.968
cache size	: 6144 KB
physical id	: 0
siblings	: 8
core id		: 0
cpu cores	: 4
apicid		: 1
initial apicid	: 1
fpu		: yes
fpu_exception	: yes
cpuid level	: 13
wp		: yes
flags		: fpu vme de pse tsc msr pae mce cx8 apic sep mtrr pge mca cmov pat pse36 clflush dts acpi mmx fxsr sse sse2 ss ht tm pbe syscall nx pdpe1gb rdtscp lm constant_tsc arch_perfmon pebs bts rep_good nopl xtopology nonstop_tsc aperfmperf eagerfpu pni pclmulqdq dtes64 monitor ds_cpl vmx est tm2 ssse3 sdbg fma cx16 xtpr pdcm pcid sse4_1 sse4_2 movbe popcnt tsc_deadline_timer aes xsave avx f16c rdrand lahf_lm abm epb tpr_shadow vnmi flexpriority ept vpid fsgsbase tsc_adjust bmi1 avx2 smep bmi2 erms invpcid xsaveopt dtherm ida arat pln pts
bugs		:
bogomips	: 4788.48
clflush size	: 64
cache_alignment	: 64
address sizes	: 39 bits physical, 48 bits virtual
power management:

processor	: 5
vendor_id	: GenuineIntel
cpu family	: 6
model		: 60
model name	: Intel(R) Core(TM) i7-4700MQ CPU @ 2.40GHz
stepping	: 3
microcode	: 0x12
cpu MHz		: 3199.968
cache size	: 6144 KB
physical id	: 0
siblings	: 8
core id		: 1
cpu cores	: 4
apicid		: 3
initial apicid	: 3
fpu		: yes
fpu_exception	: yes
cpuid level	: 13
wp		: yes
flags		: fpu vme de pse tsc msr pae mce cx8 apic sep mtrr pge mca cmov pat pse36 clflush dts acpi mmx fxsr sse sse2 ss ht tm pbe syscall nx pdpe1gb rdtscp lm constant_tsc arch_perfmon pebs bts rep_good nopl xtopology nonstop_tsc aperfmperf eagerfpu pni pclmulqdq dtes64 monitor ds_cpl vmx est tm2 ssse3 sdbg fma cx16 xtpr pdcm pcid sse4_1 sse4_2 movbe popcnt tsc_deadline_timer aes xsave avx f16c rdrand lahf_lm abm epb tpr_shadow vnmi flexpriority ept vpid fsgsbase tsc_adjust bmi1 avx2 smep bmi2 erms invpcid xsaveopt dtherm ida arat pln pts
bugs		:
bogomips	: 4788.48
clflush size	: 64
cache_alignment	: 64
address sizes	: 39 bits physical, 48 bits virtual
power management:

processor	: 6
vendor_id	: GenuineIntel
cpu family	: 6
model		: 60
model name	: Intel(R) Core(TM) i7-4700MQ CPU @ 2.40GHz
stepping	: 3
microcode	: 0x12
cpu MHz		: 3199.968
cache size	: 6144 KB
physical id	: 0
siblings	: 8
core id		: 2
cpu cores	: 4
apicid		: 5
initial apicid	: 5
fpu		: yes
fpu_exception	: yes
cpuid level	: 13
wp		: yes
flags		: fpu vme de pse tsc msr pae mce cx8 apic sep mtrr pge mca cmov pat pse36 clflush dts acpi mmx fxsr sse sse2 ss ht tm pbe syscall nx pdpe1gb rdtscp lm constant_tsc arch_perfmon pebs bts rep_good nopl xtopology nonstop_tsc aperfmperf eagerfpu pni pclmulqdq dtes64 monitor ds_cpl vmx est tm2 ssse3 sdbg fma cx16 xtpr pdcm pcid sse4_1 sse4_2 movbe popcnt tsc_deadline_timer aes xsave avx f16c rdrand lahf_lm abm epb tpr_shadow vnmi flexpriority ept vpid fsgsbase tsc_adjust bmi1 avx2 smep bmi2 erms invpcid xsaveopt dtherm ida arat pln pts
bugs		:
bogomips	: 4788.48
clflush size	: 64
cache_alignment	: 64
address sizes	: 39 bits physical, 48 bits virtual
power management:

processor	: 7
vendor_id	: GenuineIntel
cpu family	: 6
model		: 60
model name	: Intel(R) Core(TM) i7-4700MQ CPU @ 2.40GHz
stepping	: 3
microcode	: 0x12
cpu MHz		: 3199.968
cache size	: 6144 KB
physical id	: 0
siblings	: 8
core id		: 3
cpu cores	: 4
apicid		: 7
initial apicid	: 7
fpu		: yes
fpu_exception	: yes
cpuid level	: 13
wp		: yes
flags		: fpu vme de pse tsc msr pae mce cx8 apic sep mtrr pge mca cmov pat pse36 clflush dts acpi mmx fxsr sse sse2 ss ht tm pbe syscall nx pdpe1gb rdtscp lm constant_tsc arch_perfmon pebs bts rep_good nopl xtopology nonstop_tsc aperfmperf eagerfpu pni pclmulqdq dtes64 monitor ds_cpl vmx est tm2 ssse3 sdbg fma cx16 xtpr pdcm pcid sse4_1 sse4_2 movbe popcnt tsc_deadline_timer aes xsave avx f16c rdrand lahf_lm abm epb tpr_shadow vnmi flexpriority ept vpid fsgsbase tsc_adjust bmi1 avx2 smep bmi2 erms invpcid xsaveopt dtherm ida arat pln pts
bugs		:
bogomips	: 4788.48
clflush size	: 64
cache_alignment	: 64
address sizes	: 39 bits physical, 48 bits virtual
power management:



Memory: 4k page, physical 32864804k(3147412k free), swap 0k(0k free)

vm_info: Java HotSpot(TM) 64-Bit Server VM (25.91-b14) for linux-amd64 JRE (1.8.0_91-b14), built on Apr  1 2016 00:57:21 by "java_re" with gcc 4.3.0 20080428 (Red Hat 4.3.0-8)

time: Sat Mar 18 12:07:01 2017
elapsed time: 0 seconds (0d 0h 0m 0s)

